  源.cpp
c:\users\i\documents\visual studio 2017\projects\consoleapplication1\huf\huf\源.cpp(27): warning C4996: 'scanf': This function or variable may be unsafe. Consider using scanf_s instead. To disable deprecation, use _CRT_SECURE_NO_WARNINGS. See online help for details.
  c:\program files (x86)\windows kits\10\include\10.0.15063.0\ucrt\stdio.h(1272): note: 参见“scanf”的声明
c:\users\i\documents\visual studio 2017\projects\consoleapplication1\huf\huf\源.cpp(178): warning C4267: “=”: 从“size_t”转换到“unsigned char”，可能丢失数据
c:\users\i\documents\visual studio 2017\projects\consoleapplication1\huf\huf\源.cpp(66): warning C4996: 'fopen': This function or variable may be unsafe. Consider using fopen_s instead. To disable deprecation, use _CRT_SECURE_NO_WARNINGS. See online help for details.
  c:\program files (x86)\windows kits\10\include\10.0.15063.0\ucrt\stdio.h(207): note: 参见“fopen”的声明
c:\users\i\documents\visual studio 2017\projects\consoleapplication1\huf\huf\源.cpp(103): warning C4477: “printf”: 格式字符串“%d”需要类型“int”的参数，但可变参数 6 拥有了类型“char *”
c:\users\i\documents\visual studio 2017\projects\consoleapplication1\huf\huf\源.cpp(114): warning C4996: 'fopen': This function or variable may be unsafe. Consider using fopen_s instead. To disable deprecation, use _CRT_SECURE_NO_WARNINGS. See online help for details.
  c:\program files (x86)\windows kits\10\include\10.0.15063.0\ucrt\stdio.h(207): note: 参见“fopen”的声明
c:\users\i\documents\visual studio 2017\projects\consoleapplication1\huf\huf\源.cpp(122): warning C4996: 'strcat': This function or variable may be unsafe. Consider using strcat_s instead. To disable deprecation, use _CRT_SECURE_NO_WARNINGS. See online help for details.
  c:\program files (x86)\windows kits\10\include\10.0.15063.0\ucrt\string.h(93): note: 参见“strcat”的声明
c:\users\i\documents\visual studio 2017\projects\consoleapplication1\huf\huf\源.cpp(123): warning C4996: 'fopen': This function or variable may be unsafe. Consider using fopen_s instead. To disable deprecation, use _CRT_SECURE_NO_WARNINGS. See online help for details.
  c:\program files (x86)\windows kits\10\include\10.0.15063.0\ucrt\stdio.h(207): note: 参见“fopen”的声明
c:\users\i\documents\visual studio 2017\projects\consoleapplication1\huf\huf\源.cpp(136): warning C4996: 'strcat': This function or variable may be unsafe. Consider using strcat_s instead. To disable deprecation, use _CRT_SECURE_NO_WARNINGS. See online help for details.
  c:\program files (x86)\windows kits\10\include\10.0.15063.0\ucrt\string.h(93): note: 参见“strcat”的声明
c:\users\i\documents\visual studio 2017\projects\consoleapplication1\huf\huf\源.cpp(151): warning C4996: 'strcpy': This function or variable may be unsafe. Consider using strcpy_s instead. To disable deprecation, use _CRT_SECURE_NO_WARNINGS. See online help for details.
  c:\program files (x86)\windows kits\10\include\10.0.15063.0\ucrt\string.h(136): note: 参见“strcpy”的声明
c:\users\i\documents\visual studio 2017\projects\consoleapplication1\huf\huf\源.cpp(160): warning C4996: 'strcat': This function or variable may be unsafe. Consider using strcat_s instead. To disable deprecation, use _CRT_SECURE_NO_WARNINGS. See online help for details.
  c:\program files (x86)\windows kits\10\include\10.0.15063.0\ucrt\string.h(93): note: 参见“strcat”的声明
c:\users\i\documents\visual studio 2017\projects\consoleapplication1\huf\huf\源.cpp(184): warning C4996: 'strcat': This function or variable may be unsafe. Consider using strcat_s instead. To disable deprecation, use _CRT_SECURE_NO_WARNINGS. See online help for details.
  c:\program files (x86)\windows kits\10\include\10.0.15063.0\ucrt\string.h(93): note: 参见“strcat”的声明
c:\users\i\documents\visual studio 2017\projects\consoleapplication1\huf\huf\源.cpp(197): warning C4996: 'strcpy': This function or variable may be unsafe. Consider using strcpy_s instead. To disable deprecation, use _CRT_SECURE_NO_WARNINGS. See online help for details.
  c:\program files (x86)\windows kits\10\include\10.0.15063.0\ucrt\string.h(136): note: 参见“strcpy”的声明
c:\users\i\documents\visual studio 2017\projects\consoleapplication1\huf\huf\源.cpp(208): warning C4477: “printf”: 格式字符串“%d”需要类型“int”的参数，但可变参数 1 拥有了类型“time_t”
  c:\users\i\documents\visual studio 2017\projects\consoleapplication1\huf\huf\源.cpp(208): note: 请考虑在格式字符串中使用“%lld”
  c:\users\i\documents\visual studio 2017\projects\consoleapplication1\huf\huf\源.cpp(208): note: 请考虑在格式字符串中使用“%I64d”
c:\users\i\documents\visual studio 2017\projects\consoleapplication1\huf\huf\源.cpp(58): warning C4101: “ofp”: 未引用的局部变量
c:\users\i\documents\visual studio 2017\projects\consoleapplication1\huf\huf\源.cpp(54): warning C4101: “min”: 未引用的局部变量
c:\users\i\documents\visual studio 2017\projects\consoleapplication1\huf\huf\源.cpp(326): warning C4996: 'fopen': This function or variable may be unsafe. Consider using fopen_s instead. To disable deprecation, use _CRT_SECURE_NO_WARNINGS. See online help for details.
  c:\program files (x86)\windows kits\10\include\10.0.15063.0\ucrt\stdio.h(207): note: 参见“fopen”的声明
c:\users\i\documents\visual studio 2017\projects\consoleapplication1\huf\huf\源.cpp(334): warning C4996: 'fopen': This function or variable may be unsafe. Consider using fopen_s instead. To disable deprecation, use _CRT_SECURE_NO_WARNINGS. See online help for details.
  c:\program files (x86)\windows kits\10\include\10.0.15063.0\ucrt\stdio.h(207): note: 参见“fopen”的声明
c:\users\i\documents\visual studio 2017\projects\consoleapplication1\huf\huf\源.cpp(365): warning C4996: 'itoa': The POSIX name for this item is deprecated. Instead, use the ISO C and C++ conformant name: _itoa. See online help for details.
  c:\program files (x86)\windows kits\10\include\10.0.15063.0\ucrt\stdlib.h(1334): note: 参见“itoa”的声明
c:\users\i\documents\visual studio 2017\projects\consoleapplication1\huf\huf\源.cpp(369): warning C4996: 'strcat': This function or variable may be unsafe. Consider using strcat_s instead. To disable deprecation, use _CRT_SECURE_NO_WARNINGS. See online help for details.
  c:\program files (x86)\windows kits\10\include\10.0.15063.0\ucrt\string.h(93): note: 参见“strcat”的声明
c:\users\i\documents\visual studio 2017\projects\consoleapplication1\huf\huf\源.cpp(371): warning C4996: 'strcat': This function or variable may be unsafe. Consider using strcat_s instead. To disable deprecation, use _CRT_SECURE_NO_WARNINGS. See online help for details.
  c:\program files (x86)\windows kits\10\include\10.0.15063.0\ucrt\string.h(93): note: 参见“strcat”的声明
c:\users\i\documents\visual studio 2017\projects\consoleapplication1\huf\huf\源.cpp(400): warning C4996: 'itoa': The POSIX name for this item is deprecated. Instead, use the ISO C and C++ conformant name: _itoa. See online help for details.
  c:\program files (x86)\windows kits\10\include\10.0.15063.0\ucrt\stdlib.h(1334): note: 参见“itoa”的声明
c:\users\i\documents\visual studio 2017\projects\consoleapplication1\huf\huf\源.cpp(404): warning C4996: 'strcat': This function or variable may be unsafe. Consider using strcat_s instead. To disable deprecation, use _CRT_SECURE_NO_WARNINGS. See online help for details.
  c:\program files (x86)\windows kits\10\include\10.0.15063.0\ucrt\string.h(93): note: 参见“strcat”的声明
c:\users\i\documents\visual studio 2017\projects\consoleapplication1\huf\huf\源.cpp(406): warning C4996: 'strcat': This function or variable may be unsafe. Consider using strcat_s instead. To disable deprecation, use _CRT_SECURE_NO_WARNINGS. See online help for details.
  c:\program files (x86)\windows kits\10\include\10.0.15063.0\ucrt\string.h(93): note: 参见“strcat”的声明
c:\users\i\documents\visual studio 2017\projects\consoleapplication1\huf\huf\源.cpp(413): warning C4996: 'strcpy': This function or variable may be unsafe. Consider using strcpy_s instead. To disable deprecation, use _CRT_SECURE_NO_WARNINGS. See online help for details.
  c:\program files (x86)\windows kits\10\include\10.0.15063.0\ucrt\string.h(136): note: 参见“strcpy”的声明
c:\users\i\documents\visual studio 2017\projects\consoleapplication1\huf\huf\源.cpp(427): warning C4477: “printf”: 格式字符串“%d”需要类型“int”的参数，但可变参数 1 拥有了类型“time_t”
  c:\users\i\documents\visual studio 2017\projects\consoleapplication1\huf\huf\源.cpp(427): note: 请考虑在格式字符串中使用“%lld”
  c:\users\i\documents\visual studio 2017\projects\consoleapplication1\huf\huf\源.cpp(427): note: 请考虑在格式字符串中使用“%I64d”
c:\users\i\documents\visual studio 2017\projects\consoleapplication1\huf\huf\源.cpp(210): warning C4715: “compress”: 不是所有的控件路径都返回值
  huf.vcxproj -> C:\Users\i\Documents\Visual Studio 2017\Projects\ConsoleApplication1\huf\Debug\huf.exe
  huf.vcxproj -> C:\Users\i\Documents\Visual Studio 2017\Projects\ConsoleApplication1\huf\Debug\huf.pdb (Partial PDB)
